Arguments: 
  /usr/local/bin/node /usr/local/Cellar/yarn/1.22.5/libexec/bin/yarn.js add flask-socketio

PATH: 
  /usr/local/bin:/usr/bin:/bin:/usr/sbin:/sbin:/usr/local/share/dotnet:~/.dotnet/tools:/Library/Frameworks/Mono.framework/Versions/Current/Commands:/Users/ishaansharma/.poetry/bin:/Library/Frameworks/Python.framework/Versions/3.8/bin

Yarn version: 
  1.22.5

Node version: 
  12.13.0

Platform: 
  darwin x64

Trace: 
  Error: https://registry.yarnpkg.com/flask-socketio: Not found
      at Request.params.callback [as _callback] (/usr/local/Cellar/yarn/1.22.5/libexec/lib/cli.js:66988:18)
      at Request.self.callback (/usr/local/Cellar/yarn/1.22.5/libexec/lib/cli.js:140749:22)
      at Request.emit (events.js:210:5)
      at Request.<anonymous> (/usr/local/Cellar/yarn/1.22.5/libexec/lib/cli.js:141721:10)
      at Request.emit (events.js:210:5)
      at IncomingMessage.<anonymous> (/usr/local/Cellar/yarn/1.22.5/libexec/lib/cli.js:141643:12)
      at Object.onceWrapper (events.js:299:28)
      at IncomingMessage.emit (events.js:215:7)
      at endReadableNT (_stream_readable.js:1183:12)
      at processTicksAndRejections (internal/process/task_queues.js:80:21)

npm manifest: 
  {
      "scripts": {
          "format:backend": "cd backend && poetry run format",
          "format": "concurrently \"cd frontend && yarn format:all\" \"yarn format:backend\"",
          "export": "cd backend && poetry export -f requirements.txt --output requirements.txt --without-hashes && poetry export -f requirements.txt --output ../requirements.txt --without-hashes",
          "start:backend": "yarn export && cd backend && poetry run start",
          "start:frontend": "cd frontend && yarn start",
          "start": "concurrently \"yarn start:frontend\" \"yarn start:backend\"",
          "setup:backend": "cd backend && poetry install",
          "setup:frontend": "cd frontend && yarn",
          "setup": "concurrently \"yarn setup:backend\" \"yarn setup:frontend\""
      } 
  }

yarn manifest: 
  No manifest

Lockfile: 
  # THIS IS AN AUTOGENERATED FILE. DO NOT EDIT THIS FILE DIRECTLY.
  # yarn lockfile v1
